{"time": "2025-07-01 19:43:07.409239", "level": "INFO", "message": "aisrv kaiwu_rl_helper start at pid 326, ppid is 140561123608384, thread id is -1", "file": "kaiwu_rl_helper_standard.py", "line": "134", "module": "aisrv", "process": "kaiwu_rl_helper_standard", "function": "__init__", "stack": "", "pid": 326}
{"time": "2025-07-01 19:43:07.412491", "level": "INFO", "message": "aisrv aisrvhandle use kaiwu_rl_helper: <KaiWuRLStandardHelper(kaiwu_rl_helper_0, initial daemon)>", "file": "aisrv_server_standard.py", "line": "794", "module": "aisrv", "process": "aisrv_server_standard", "function": "before_run", "stack": "", "pid": 326}
{"time": "2025-07-01 19:43:07.416948", "level": "INFO", "message": "aisrv aisrvhandle established connect to 172.19.0.6:5566, slot id is 0, min_slot_id is 0", "file": "aisrv_server_standard.py", "line": "797", "module": "aisrv", "process": "aisrv_server_standard", "function": "before_run", "stack": "", "pid": 326}
{"time": "2025-07-01 19:43:07.422135", "level": "INFO", "message": "aisrv aisrvhandle current_actor_addrs is ['127.0.0.1:8888'], current_learner_addrs is ['127.0.0.1:9999']", "file": "aisrv_server_standard.py", "line": "806", "module": "aisrv", "process": "aisrv_server_standard", "function": "before_run", "stack": "", "pid": 326}
{"time": "2025-07-01 19:43:07.427475", "level": "INFO", "message": "aisrv aisrvhandle start success at pid 326", "file": "aisrv_server_standard.py", "line": "837", "module": "aisrv", "process": "aisrv_server_standard", "function": "before_run", "stack": "", "pid": 326}
{"time": "2025-07-01 19:43:07.436875", "level": "INFO", "message": "aisrv policy_name train_one, algo dynamic_programming, model_wrapper is StandardModelWrapperPytorch", "file": "model_wrapper_common.py", "line": "99", "module": "aisrv", "process": "model_wrapper_common", "function": "create_standard_model_wrapper", "stack": "", "pid": 326}
{"time": "2025-07-01 19:43:07.441157", "level": "INFO", "message": "aisrv save model /data/ckpt/gorge_walk_v2_dynamic_programming/model.ckpt-0.npy successfully", "file": "agent.py", "line": "108", "module": "aisrv", "process": "agent", "function": "save_model", "stack": "", "pid": 326}
{"time": "2025-07-01 19:43:07.477785", "level": "INFO", "message": "aisrv env proxy, zmq_client connect to 172.19.0.6:5566 success, client_id 3156422", "file": "env_proxy_lazy.py", "line": "54", "module": "aisrv", "process": "env_proxy_lazy", "function": "__init__", "stack": "", "pid": 326}
{"time": "2025-07-01 19:43:07.482675", "level": "INFO", "message": "aisrv kaiwu_rl_helper start agent 0 with train_one", "file": "kaiwu_rl_helper_standard.py", "line": "1017", "module": "aisrv", "process": "kaiwu_rl_helper_standard", "function": "start_agent", "stack": "", "pid": 326}
{"time": "2025-07-01 19:43:07.493419", "level": "INFO", "message": "aisrv Start Training...", "file": "train_workflow.py", "line": "43", "module": "aisrv", "process": "train_workflow", "function": "workflow", "stack": "", "pid": 326}
{"time": "2025-07-01 19:43:07.549236", "level": "INFO", "message": "aisrv Iteration 0", "file": "algorithm.py", "line": "133", "module": "aisrv", "process": "algorithm", "function": "value_iteration", "stack": "", "pid": 326}
{"time": "2025-07-01 19:43:07.869931", "level": "INFO", "message": "aisrv Iteration 10", "file": "algorithm.py", "line": "133", "module": "aisrv", "process": "algorithm", "function": "value_iteration", "stack": "", "pid": 326}
{"time": "2025-07-01 19:43:08.183021", "level": "INFO", "message": "aisrv Iteration 20", "file": "algorithm.py", "line": "133", "module": "aisrv", "process": "algorithm", "function": "value_iteration", "stack": "", "pid": 326}
{"time": "2025-07-01 19:43:08.510846", "level": "INFO", "message": "aisrv Iteration 30", "file": "algorithm.py", "line": "133", "module": "aisrv", "process": "algorithm", "function": "value_iteration", "stack": "", "pid": 326}
{"time": "2025-07-01 19:43:08.860459", "level": "INFO", "message": "aisrv Iteration 40", "file": "algorithm.py", "line": "133", "module": "aisrv", "process": "algorithm", "function": "value_iteration", "stack": "", "pid": 326}
{"time": "2025-07-01 19:43:09.199861", "level": "INFO", "message": "aisrv Iteration 50", "file": "algorithm.py", "line": "133", "module": "aisrv", "process": "algorithm", "function": "value_iteration", "stack": "", "pid": 326}
{"time": "2025-07-01 19:43:09.548313", "level": "INFO", "message": "aisrv Iteration 60", "file": "algorithm.py", "line": "133", "module": "aisrv", "process": "algorithm", "function": "value_iteration", "stack": "", "pid": 326}
{"time": "2025-07-01 19:43:09.882602", "level": "INFO", "message": "aisrv Iteration 70", "file": "algorithm.py", "line": "133", "module": "aisrv", "process": "algorithm", "function": "value_iteration", "stack": "", "pid": 326}
{"time": "2025-07-01 19:43:10.026845", "level": "INFO", "message": "aisrv Training time cost: 2.5289463996887207 s", "file": "train_workflow.py", "line": "56", "module": "aisrv", "process": "train_workflow", "function": "workflow", "stack": "", "pid": 326}
{"time": "2025-07-01 19:43:10.037991", "level": "INFO", "message": "aisrv save model /data/user_ckpt_dir/gorge_walk_v2_dynamic_programming/model.ckpt-1.npy successfully", "file": "agent.py", "line": "108", "module": "aisrv", "process": "agent", "function": "save_model", "stack": "", "pid": 326}
{"time": "2025-07-01 19:43:10.063108", "level": "INFO", "message": "aisrv training_metrics is {'basic': {'train_global_step': 0, 'load_model_succ_cnt': 0, 'sample_receive_cnt': 0, 'episode_cnt': 0, 'sample_production_and_consumption_ratio': 0, 'predict_succ_cnt': 0}, 'algorithm': {'reward': 0}, 'env': {'total_score': 0, 'treasure_score': 0, 'max_steps': 0, 'finished_steps': 0, 'total_treasures': 0, 'collected_treasures': 0, 'treasure_random': 0}, 'diy': {'diy_1': 0, 'diy_2': 0, 'diy_3': 0, 'diy_4': 0, 'diy_5': 0}}", "file": "train_workflow.py", "line": "72", "module": "aisrv", "process": "train_workflow", "function": "workflow", "stack": "", "pid": 326}
{"time": "2025-07-01 19:43:10.068303", "level": "INFO", "message": "aisrv kaiwu_rl_helper finally", "file": "kaiwu_rl_helper_standard.py", "line": "507", "module": "aisrv", "process": "kaiwu_rl_helper_standard", "function": "workflow", "stack": "", "pid": 326}
{"time": "2025-07-01 19:43:34.600059", "level": "INFO", "message": "aisrv aisrv_handle 326 is starting to handle the SIGTERM signal.", "file": "aisrv_server_standard.py", "line": "910", "module": "aisrv", "process": "aisrv_server_standard", "function": "handle_sigterm", "stack": "", "pid": 326}
{"time": "2025-07-01 19:43:35.602912", "level": "INFO", "message": "aisrv kaiwu_rl_helper success stop", "file": "kaiwu_rl_helper_standard.py", "line": "904", "module": "aisrv", "process": "kaiwu_rl_helper_standard", "function": "stop", "stack": "", "pid": 326}
{"time": "2025-07-01 19:43:35.607937", "level": "INFO", "message": "aisrv kaiwu_rl_helper 326 is starting to handle the SIGTERM signal.", "file": "kaiwu_rl_helper_standard.py", "line": "1078", "module": "aisrv", "process": "kaiwu_rl_helper_standard", "function": "handle_sigterm", "stack": "", "pid": 326}
{"time": "2025-07-01 19:43:35.610031", "level": "INFO", "message": "aisrv model.ckpt-1 already exists", "file": "standard_model_wrapper_pytorch.py", "line": "222", "module": "aisrv", "process": "standard_model_wrapper_pytorch", "function": "save_param_detail", "stack": "", "pid": 326}
